<?xml version="1.0" encoding="UTF-8"?>
<!-- Generated by org.testng.reporters.JUnitReportReporter -->
<testsuite hostname="DESKTOP-7TJTQOG" failures="0" tests="1" name="handson.testingDemo" time="0.007" errors="0" timestamp="2023-12-21T00:52:51 IST" skipped="0">
  <testcase classname="handson.testingDemo" name="testingLoginPage" time="0.007"/>
  <system-out/>
</testsuite> <!-- handson.testingDemo -->
